2024-08-28T13:11:09.341Z info: GET /owner/owner
2024-08-28T13:11:09.399Z info: GET /main-owner.css
2024-08-28T13:11:09.413Z info: GET /public/endpoints.js
2024-08-28T13:11:09.421Z info: GET /public/renewAccessToken.js
2024-08-28T13:11:09.426Z info: GET /public/cookiesEngine.js
2024-08-28T13:11:09.436Z info: GET /public/variablesState.js
2024-08-28T13:11:09.442Z info: GET /owner/owner-updateSoldUtils.js
2024-08-28T13:11:09.450Z info: GET /owner/owner-getUnvalidReceipt.js
2024-08-28T13:11:09.457Z info: GET /owner/owner-validateReceiptLogic.js
2024-08-28T13:11:09.466Z info: GET /owner/owner-getRecentTenants.js
2024-08-28T13:11:09.474Z info: GET /owner/owner-ownerUtil.js
2024-08-28T13:11:09.484Z info: GET /owner/owner-createPropertyRequest.js
2024-08-28T13:11:09.492Z info: GET /owner/owner-getPropertiesRequest.js
2024-08-28T13:11:09.501Z info: GET /owner/owner-createTenant.js
2024-08-28T13:11:09.510Z info: GET /owner/owner-getTenantProperty.js
2024-08-28T13:11:09.519Z info: GET /owner/owner-getAllTenants.js
2024-08-28T13:11:09.528Z info: GET /owner/owner-showModalTenant.js
2024-08-28T13:11:09.537Z info: GET /owner/owner-requireReceiptRequest.js
2024-08-28T13:11:09.545Z info: GET /owner/owner-getValidReceipt.js
2024-08-28T13:11:09.555Z info: GET /owner/owner-getRecentMessages.js
2024-08-28T13:11:09.564Z info: GET /owner/owner-myMessages.js
2024-08-28T13:11:09.572Z info: GET /owner/owner-sendMessage.js
2024-08-28T13:11:09.581Z info: GET /owner/owner-deleteMessage.js
2024-08-28T13:11:09.591Z info: GET /owner/owner-receiptMonthHelper.js
2024-08-28T13:11:09.600Z info: GET /owner/owner-uploadImage.js
2024-08-28T13:11:09.609Z info: GET /owner/owner-accessReceipt.js
2024-08-28T13:11:09.619Z info: GET /owner/owner-insertSubscription.js
2024-08-28T13:11:09.626Z info: GET /owner/owner-frontendManager.js
2024-08-28T13:11:09.661Z info: POST /backend-owner/receipt-unValid
2024-08-28T13:11:09.667Z info: POST /backend-owner/recent-tenants
2024-08-28T13:11:09.676Z info: POST /backend-owner/update-sold
2024-08-28T13:11:09.722Z info: GET /icon/favicon.ico
2024-08-28T13:11:09.749Z info: GET /icon/favicon.ico
2024-08-28T13:11:11.236Z info: GET /owner/owner-profile
2024-08-28T13:11:11.247Z info: POST /backend-owner/my-owner
2024-08-28T13:11:11.263Z info: GET /img/2c66be99-cf24-45e5-9120-db12ebe96037.png
2024-08-28T13:11:12.226Z info: GET /owner/owner-tenants
2024-08-28T13:11:12.237Z info: POST /backend-owner/all-tenants
2024-08-28T13:11:12.240Z info: POST /backend-owner/recent-messages
2024-08-28T13:11:13.061Z info: GET /owner/owner-properties
2024-08-28T13:11:13.071Z info: POST /backend-owner/my-properties
2024-08-28T13:11:13.803Z info: GET /owner/owner-tenant-home
2024-08-28T13:11:13.812Z info: POST /backend-owner/Tenants-properties
2024-08-28T13:11:13.815Z info: POST /backend-owner/my-properties
2024-08-28T13:11:14.528Z info: GET /owner/owner-receipts
2024-08-28T13:11:14.535Z info: POST /backend-owner/receipt-valid
2024-08-28T13:11:14.539Z info: POST /backend-owner/Tenants-properties
2024-08-28T13:11:15.181Z info: GET /owner/owner-subscription
2024-08-28T13:52:32.752Z info: GET /owner/owner
2024-08-28T13:52:32.779Z info: GET /main-owner.css
2024-08-28T13:52:32.804Z info: GET /public/endpoints.js
2024-08-28T13:52:32.808Z info: GET /public/renewAccessToken.js
2024-08-28T13:52:32.811Z info: GET /public/cookiesEngine.js
2024-08-28T13:52:32.815Z info: GET /public/variablesState.js
2024-08-28T13:52:32.819Z info: GET /owner/owner-updateSoldUtils.js
2024-08-28T13:52:32.824Z info: GET /owner/owner-getUnvalidReceipt.js
2024-08-28T13:52:32.828Z info: GET /owner/owner-validateReceiptLogic.js
2024-08-28T13:52:32.833Z info: GET /owner/owner-getRecentTenants.js
2024-08-28T13:52:32.838Z info: GET /owner/owner-ownerUtil.js
2024-08-28T13:52:32.841Z info: GET /owner/owner-createPropertyRequest.js
2024-08-28T13:52:32.844Z info: GET /owner/owner-getPropertiesRequest.js
2024-08-28T13:52:32.847Z info: GET /owner/owner-createTenant.js
2024-08-28T13:52:32.851Z info: GET /owner/owner-getTenantProperty.js
2024-08-28T13:52:32.854Z info: GET /owner/owner-getAllTenants.js
2024-08-28T13:52:32.857Z info: GET /owner/owner-showModalTenant.js
2024-08-28T13:52:32.860Z info: GET /owner/owner-requireReceiptRequest.js
2024-08-28T13:52:32.863Z info: GET /owner/owner-getValidReceipt.js
2024-08-28T13:52:32.867Z info: GET /owner/owner-getRecentMessages.js
2024-08-28T13:52:32.870Z info: GET /owner/owner-myMessages.js
2024-08-28T13:52:32.873Z info: GET /owner/owner-sendMessage.js
2024-08-28T13:52:32.876Z info: GET /owner/owner-deleteMessage.js
2024-08-28T13:52:32.879Z info: GET /owner/owner-receiptMonthHelper.js
2024-08-28T13:52:32.883Z info: GET /owner/owner-uploadImage.js
2024-08-28T13:52:32.886Z info: GET /owner/owner-accessReceipt.js
2024-08-28T13:52:32.888Z info: GET /owner/owner-insertSubscription.js
2024-08-28T13:52:32.891Z info: GET /owner/owner-frontendManager.js
2024-08-28T13:52:32.907Z info: POST /backend-owner/receipt-unValid
2024-08-28T13:52:32.910Z info: POST /backend-owner/recent-tenants
2024-08-28T13:52:32.913Z info: POST /backend-owner/update-sold
2024-08-28T13:52:32.956Z info: 200 OK: POST /receipt-unValid
2024-08-28T13:52:32.958Z info: 200 OK: POST /recent-tenants
2024-08-28T13:52:32.959Z info: 200 OK: POST /update-sold
2024-08-28T13:52:32.993Z info: GET /icon/favicon.ico
2024-08-28T13:52:33.011Z info: GET /icon/favicon.ico
2024-08-28T13:52:34.729Z info: GET /owner/owner-profile
2024-08-28T13:52:34.753Z info: POST /backend-owner/my-owner
2024-08-28T13:52:34.765Z info: 200 OK: POST /my-owner
2024-08-28T13:52:34.775Z info: GET /img/2c66be99-cf24-45e5-9120-db12ebe96037.png
2024-08-28T13:52:35.606Z info: GET /owner/owner-tenants
2024-08-28T13:52:35.629Z info: POST /backend-owner/all-tenants
2024-08-28T13:52:35.637Z info: POST /backend-owner/recent-messages
2024-08-28T13:52:35.645Z info: 200 OK: POST /recent-messages
2024-08-28T13:52:35.650Z info: 200 OK: POST /all-tenants
2024-08-28T13:52:36.394Z info: GET /owner/owner-properties
2024-08-28T13:52:36.410Z info: POST /backend-owner/my-properties
2024-08-28T13:52:36.419Z info: 200 OK: POST /my-properties
2024-08-28T13:52:37.165Z info: GET /owner/owner-tenant-home
2024-08-28T13:52:37.188Z info: POST /backend-owner/Tenants-properties
2024-08-28T13:52:37.192Z info: POST /backend-owner/my-properties
2024-08-28T13:52:37.202Z info: 200 OK: POST /Tenants-properties
2024-08-28T13:52:37.207Z info: 200 OK: POST /my-properties
2024-08-28T13:52:37.862Z info: GET /owner/owner-receipts
2024-08-28T13:52:37.881Z info: POST /backend-owner/receipt-valid
2024-08-28T13:52:37.890Z info: POST /backend-owner/Tenants-properties
2024-08-28T13:52:37.896Z info: 200 OK: POST /receipt-valid
2024-08-28T13:52:37.905Z info: 200 OK: POST /Tenants-properties
2024-08-28T13:52:39.018Z info: GET /owner/owner-subscription
2024-08-28T15:03:25.309Z info: GET /owner/owner
2024-08-28T15:03:25.410Z info: GET /main-owner.css
2024-08-28T15:03:25.448Z info: GET /public/endpoints.js
2024-08-28T15:03:26.133Z info: GET /public/renewAccessToken.js
2024-08-28T15:03:26.146Z info: GET /public/cookiesEngine.js
2024-08-28T15:03:26.156Z info: GET /public/variablesState.js
2024-08-28T15:03:26.166Z info: GET /owner/owner-updateSoldUtils.js
2024-08-28T15:03:26.177Z info: GET /owner/owner-getUnvalidReceipt.js
2024-08-28T15:03:26.190Z info: GET /owner/owner-validateReceiptLogic.js
2024-08-28T15:03:26.203Z info: GET /owner/owner-getRecentTenants.js
2024-08-28T15:03:26.216Z info: GET /owner/owner-ownerUtil.js
2024-08-28T15:03:26.227Z info: GET /owner/owner-createPropertyRequest.js
2024-08-28T15:03:26.238Z info: GET /owner/owner-getPropertiesRequest.js
2024-08-28T15:03:26.252Z info: GET /owner/owner-createTenant.js
2024-08-28T15:03:26.262Z info: GET /owner/owner-getTenantProperty.js
2024-08-28T15:03:26.270Z info: GET /owner/owner-getAllTenants.js
2024-08-28T15:03:26.277Z info: GET /owner/owner-showModalTenant.js
2024-08-28T15:03:26.286Z info: GET /owner/owner-requireReceiptRequest.js
2024-08-28T15:03:26.293Z info: GET /owner/owner-getValidReceipt.js
2024-08-28T15:03:26.303Z info: GET /owner/owner-getRecentMessages.js
2024-08-28T15:03:26.311Z info: GET /owner/owner-myMessages.js
2024-08-28T15:03:26.317Z info: GET /owner/owner-sendMessage.js
2024-08-28T15:03:26.325Z info: GET /owner/owner-deleteMessage.js
2024-08-28T15:03:26.336Z info: GET /owner/owner-receiptMonthHelper.js
2024-08-28T15:03:26.349Z info: GET /owner/owner-uploadImage.js
2024-08-28T15:03:26.361Z info: GET /owner/owner-accessReceipt.js
2024-08-28T15:03:26.370Z info: GET /owner/owner-insertSubscription.js
2024-08-28T15:03:26.388Z info: GET /owner/owner-frontendManager.js
2024-08-28T15:04:18.298Z info: GET /owner/owner
2024-08-28T15:04:18.361Z info: GET /main-owner.css
2024-08-28T15:04:18.406Z info: GET /public/endpoints.js
2024-08-28T15:04:18.446Z info: GET /public/renewAccessToken.js
2024-08-28T15:04:18.455Z info: GET /public/cookiesEngine.js
2024-08-28T15:04:18.461Z info: GET /public/variablesState.js
2024-08-28T15:04:18.470Z info: GET /owner/owner-updateSoldUtils.js
2024-08-28T15:04:18.475Z info: GET /owner/owner-getUnvalidReceipt.js
2024-08-28T15:04:18.483Z info: GET /owner/owner-validateReceiptLogic.js
2024-08-28T15:04:18.490Z info: GET /owner/owner-getRecentTenants.js
2024-08-28T15:04:18.498Z info: GET /owner/owner-ownerUtil.js
2024-08-28T15:04:18.507Z info: GET /owner/owner-createPropertyRequest.js
2024-08-28T15:04:18.518Z info: GET /owner/owner-getPropertiesRequest.js
2024-08-28T15:04:18.528Z info: GET /owner/owner-createTenant.js
2024-08-28T15:04:18.543Z info: GET /owner/owner-getTenantProperty.js
2024-08-28T15:04:18.554Z info: GET /owner/owner-getAllTenants.js
2024-08-28T15:04:18.561Z info: GET /owner/owner-showModalTenant.js
2024-08-28T15:04:18.571Z info: GET /owner/owner-requireReceiptRequest.js
2024-08-28T15:04:18.579Z info: GET /owner/owner-getValidReceipt.js
2024-08-28T15:04:18.590Z info: GET /owner/owner-getRecentMessages.js
2024-08-28T15:04:18.604Z info: GET /owner/owner-myMessages.js
2024-08-28T15:04:18.612Z info: GET /owner/owner-sendMessage.js
2024-08-28T15:04:18.622Z info: GET /owner/owner-deleteMessage.js
2024-08-28T15:04:18.630Z info: GET /owner/owner-receiptMonthHelper.js
2024-08-28T15:04:18.638Z info: GET /owner/owner-uploadImage.js
2024-08-28T15:04:18.645Z info: GET /owner/owner-accessReceipt.js
2024-08-28T15:04:18.651Z info: GET /owner/owner-insertSubscription.js
2024-08-28T15:04:18.657Z info: GET /owner/owner-frontendManager.js
2024-08-28T15:09:26.312Z info: GET /owner/owner
2024-08-28T15:09:26.384Z info: GET /main-owner.css
2024-08-28T15:09:26.453Z info: GET /public/endpoints.js
2024-08-28T15:09:26.512Z info: GET /public/renewAccessToken.js
2024-08-28T15:09:26.521Z info: GET /public/cookiesEngine.js
2024-08-28T15:09:26.529Z info: GET /public/variablesState.js
2024-08-28T15:09:26.539Z info: GET /owner/owner-updateSoldUtils.js
2024-08-28T15:09:26.548Z info: GET /owner/owner-getUnvalidReceipt.js
2024-08-28T15:09:26.555Z info: GET /owner/owner-validateReceiptLogic.js
2024-08-28T15:09:26.562Z info: GET /owner/owner-getRecentTenants.js
2024-08-28T15:09:26.572Z info: GET /owner/owner-ownerUtil.js
2024-08-28T15:09:26.579Z info: GET /owner/owner-createPropertyRequest.js
2024-08-28T15:09:26.586Z info: GET /owner/owner-getPropertiesRequest.js
2024-08-28T15:09:26.593Z info: GET /owner/owner-createTenant.js
2024-08-28T15:09:26.602Z info: GET /owner/owner-getTenantProperty.js
2024-08-28T15:09:26.611Z info: GET /owner/owner-getAllTenants.js
2024-08-28T15:09:26.621Z info: GET /owner/owner-showModalTenant.js
2024-08-28T15:09:26.632Z info: GET /owner/owner-requireReceiptRequest.js
2024-08-28T15:09:26.638Z info: GET /owner/owner-getValidReceipt.js
2024-08-28T15:09:26.645Z info: GET /owner/owner-getRecentMessages.js
2024-08-28T15:09:26.651Z info: GET /owner/owner-myMessages.js
2024-08-28T15:09:26.658Z info: GET /owner/owner-sendMessage.js
2024-08-28T15:09:26.666Z info: GET /owner/owner-deleteMessage.js
2024-08-28T15:09:26.673Z info: GET /owner/owner-receiptMonthHelper.js
2024-08-28T15:09:26.683Z info: GET /owner/owner-uploadImage.js
2024-08-28T15:09:26.690Z info: GET /owner/owner-accessReceipt.js
2024-08-28T15:09:26.696Z info: GET /owner/owner-insertSubscription.js
2024-08-28T15:09:26.702Z info: GET /owner/owner-frontendManager.js
2024-08-28T15:10:26.514Z info: GET /owner/owner
2024-08-28T15:10:26.615Z info: GET /main-owner.css
2024-08-28T15:10:26.661Z info: GET /public/endpoints.js
2024-08-28T15:10:32.459Z info: GET /public/renewAccessToken.js
2024-08-28T15:10:32.466Z info: GET /public/cookiesEngine.js
2024-08-28T15:10:32.473Z info: GET /public/variablesState.js
2024-08-28T15:10:32.482Z info: GET /owner/owner-updateSoldUtils.js
2024-08-28T15:10:32.488Z info: GET /owner/owner-getUnvalidReceipt.js
2024-08-28T15:10:32.493Z info: GET /owner/owner-validateReceiptLogic.js
2024-08-28T15:10:32.502Z info: GET /owner/owner-getRecentTenants.js
2024-08-28T15:10:32.507Z info: GET /owner/owner-ownerUtil.js
2024-08-28T15:10:32.515Z info: GET /owner/owner-createPropertyRequest.js
2024-08-28T15:10:32.521Z info: GET /owner/owner-getPropertiesRequest.js
2024-08-28T15:10:32.527Z info: GET /owner/owner-createTenant.js
2024-08-28T15:10:32.537Z info: GET /owner/owner-getTenantProperty.js
2024-08-28T15:10:32.544Z info: GET /owner/owner-getAllTenants.js
2024-08-28T15:10:32.553Z info: GET /owner/owner-showModalTenant.js
2024-08-28T15:10:32.560Z info: GET /owner/owner-requireReceiptRequest.js
2024-08-28T15:10:32.570Z info: GET /owner/owner-getValidReceipt.js
2024-08-28T15:10:32.576Z info: GET /owner/owner-getRecentMessages.js
2024-08-28T15:10:32.584Z info: GET /owner/owner-myMessages.js
2024-08-28T15:10:32.592Z info: GET /owner/owner-sendMessage.js
2024-08-28T15:10:32.599Z info: GET /owner/owner-deleteMessage.js
2024-08-28T15:10:32.604Z info: GET /owner/owner-receiptMonthHelper.js
2024-08-28T15:10:32.610Z info: GET /owner/owner-uploadImage.js
2024-08-28T15:10:32.616Z info: GET /owner/owner-accessReceipt.js
2024-08-28T15:10:32.621Z info: GET /owner/owner-insertSubscription.js
2024-08-28T15:10:32.626Z info: GET /owner/owner-frontendManager.js
2024-08-28T15:11:15.243Z info: GET /owner/owner
2024-08-28T15:11:15.345Z info: GET /main-owner.css
2024-08-28T15:11:15.384Z info: GET /public/endpoints.js
2024-08-28T15:11:15.846Z info: GET /public/renewAccessToken.js
2024-08-28T15:11:15.853Z info: GET /public/cookiesEngine.js
2024-08-28T15:11:15.862Z info: GET /public/variablesState.js
2024-08-28T15:11:15.869Z info: GET /owner/owner-updateSoldUtils.js
2024-08-28T15:11:15.876Z info: GET /owner/owner-getUnvalidReceipt.js
2024-08-28T15:11:15.882Z info: GET /owner/owner-validateReceiptLogic.js
2024-08-28T15:11:15.888Z info: GET /owner/owner-getRecentTenants.js
2024-08-28T15:11:15.894Z info: GET /owner/owner-ownerUtil.js
2024-08-28T15:11:15.901Z info: GET /owner/owner-createPropertyRequest.js
2024-08-28T15:11:15.908Z info: GET /owner/owner-getPropertiesRequest.js
2024-08-28T15:11:15.916Z info: GET /owner/owner-createTenant.js
2024-08-28T15:11:15.922Z info: GET /owner/owner-getTenantProperty.js
2024-08-28T15:11:15.929Z info: GET /owner/owner-getAllTenants.js
2024-08-28T15:11:15.937Z info: GET /owner/owner-showModalTenant.js
2024-08-28T15:11:15.945Z info: GET /owner/owner-requireReceiptRequest.js
2024-08-28T15:11:15.952Z info: GET /owner/owner-getValidReceipt.js
2024-08-28T15:11:15.962Z info: GET /owner/owner-getRecentMessages.js
2024-08-28T15:11:15.967Z info: GET /owner/owner-myMessages.js
2024-08-28T15:11:15.977Z info: GET /owner/owner-sendMessage.js
2024-08-28T15:11:15.986Z info: GET /owner/owner-deleteMessage.js
2024-08-28T15:11:15.996Z info: GET /owner/owner-receiptMonthHelper.js
2024-08-28T15:11:16.007Z info: GET /owner/owner-uploadImage.js
2024-08-28T15:11:16.015Z info: GET /owner/owner-accessReceipt.js
2024-08-28T15:11:16.024Z info: GET /owner/owner-insertSubscription.js
2024-08-28T15:11:16.033Z info: GET /owner/owner-frontendManager.js
2024-08-28T15:22:15.735Z info: GET /
2024-08-28T15:22:15.738Z warn: 404 Not Found: GET /
2024-08-28T15:22:15.801Z info: GET /error-style.css
2024-08-28T15:22:16.179Z info: GET /favicon.ico
2024-08-28T15:22:16.180Z warn: 404 Not Found: GET /favicon.ico
2024-08-28T15:29:25.608Z info: GET /owner/owner-sign-log
2024-08-28T15:29:25.637Z info: GET /sign-log-style.css
2024-08-28T15:29:25.654Z info: GET /public/cookiesEngine.js
2024-08-28T15:29:26.073Z info: GET /public/logSignScript.js
2024-08-28T15:29:26.092Z info: GET /public/endpoints.js
2024-08-28T15:29:26.113Z info: GET /public/signLogAnimation.js
2024-08-28T15:29:26.124Z info: GET /owner/owner-signLogLogic.js
2024-08-28T15:29:26.201Z info: GET /icon/favicon.ico
2024-08-28T15:29:26.219Z info: GET /icon/favicon.ico
2024-08-28T15:36:02.970Z info: GET /sign-log-style.css
2024-08-28T15:59:08.151Z info: GET /owner/owner-sign-log
2024-08-28T15:59:08.202Z info: GET /sign-log-style.css
2024-08-28T15:59:08.214Z info: GET /public/cookiesEngine.js
2024-08-28T15:59:08.230Z info: GET /public/logSignScript.js
2024-08-28T15:59:08.376Z info: GET /public/endpoints.js
2024-08-28T15:59:08.393Z info: GET /public/signLogAnimation.js
2024-08-28T15:59:08.400Z info: GET /owner/owner-signLogLogic.js
2024-08-28T15:59:08.813Z info: GET /icon/favicon.ico
2024-08-28T15:59:08.920Z info: GET /icon/favicon.ico
2024-08-28T16:03:09.083Z info: GET /owner/owner-sign-log
2024-08-28T16:03:09.178Z info: GET /sign-log-style.css
2024-08-28T16:03:09.191Z info: GET /public/cookiesEngine.js
2024-08-28T16:03:09.200Z info: GET /public/logSignScript.js
2024-08-28T16:03:09.222Z info: GET /public/endpoints.js
2024-08-28T16:03:09.228Z info: GET /public/signLogAnimation.js
2024-08-28T16:03:09.236Z info: GET /owner/owner-signLogLogic.js
2024-08-28T16:03:09.493Z info: GET /icon/favicon.ico
2024-08-28T16:03:09.572Z info: GET /icon/favicon.ico
2024-08-28T16:09:54.085Z info: GET /owner/owner-sign-log
2024-08-28T16:09:54.179Z info: GET /sign-log-style.css
2024-08-28T16:09:54.193Z info: GET /public/cookiesEngine.js
2024-08-28T16:09:54.227Z info: GET /public/logSignScript.js
2024-08-28T16:09:54.241Z info: GET /public/endpoints.js
2024-08-28T16:09:54.253Z info: GET /public/signLogAnimation.js
2024-08-28T16:09:54.263Z info: GET /owner/owner-signLogLogic.js
2024-08-28T16:09:54.597Z info: GET /icon/favicon.ico
2024-08-28T16:09:54.661Z info: GET /icon/favicon.ico
2024-08-28T16:11:21.667Z info: GET /owner/owner-sign-log
2024-08-28T16:11:21.740Z info: GET /sign-log-style.css
2024-08-28T16:11:21.748Z info: GET /public/cookiesEngine.js
2024-08-28T16:11:21.757Z info: GET /public/logSignScript.js
2024-08-28T16:11:21.778Z info: GET /public/endpoints.js
2024-08-28T16:11:21.784Z info: GET /public/signLogAnimation.js
2024-08-28T16:11:21.794Z info: GET /owner/owner-signLogLogic.js
2024-08-28T16:11:22.077Z info: GET /icon/favicon.ico
2024-08-28T16:11:22.131Z info: GET /icon/favicon.ico
2024-08-28T16:21:17.039Z info: GET /owner/owner-sign-log
2024-08-28T16:21:17.109Z info: GET /sign-log-style.css
2024-08-28T16:21:17.118Z info: GET /public/cookiesEngine.js
2024-08-28T16:21:17.126Z info: GET /public/logSignScript.js
2024-08-28T16:21:17.132Z info: GET /public/endpoints.js
2024-08-28T16:21:17.137Z info: GET /public/signLogAnimation.js
2024-08-28T16:21:17.143Z info: GET /owner/owner-signLogLogic.js
2024-08-28T16:21:17.495Z info: GET /icon/favicon.ico
2024-08-28T16:21:17.552Z info: GET /icon/favicon.ico
2024-08-28T16:22:06.615Z info: GET /owner/owner-sign-log
2024-08-28T16:22:06.736Z info: GET /sign-log-style.css
2024-08-28T16:22:06.756Z info: GET /public/cookiesEngine.js
2024-08-28T16:22:06.928Z info: GET /public/logSignScript.js
2024-08-28T16:22:06.940Z info: GET /public/endpoints.js
2024-08-28T16:22:06.948Z info: GET /public/signLogAnimation.js
2024-08-28T16:22:06.957Z info: GET /owner/owner-signLogLogic.js
2024-08-28T16:22:07.346Z info: GET /icon/favicon.ico
2024-08-28T16:22:07.795Z info: GET /icon/favicon.ico
2024-08-28T16:22:12.305Z info: GET /owner/owner-sign-log
2024-08-28T16:22:12.391Z info: GET /sign-log-style.css
2024-08-28T16:22:12.397Z info: GET /public/cookiesEngine.js
2024-08-28T16:22:12.650Z info: GET /public/logSignScript.js
2024-08-28T16:22:12.805Z info: GET /public/endpoints.js
2024-08-28T16:22:12.813Z info: GET /public/signLogAnimation.js
2024-08-28T16:22:12.819Z info: GET /owner/owner-signLogLogic.js
2024-08-28T16:22:13.082Z info: GET /icon/favicon.ico
2024-08-28T16:22:13.139Z info: GET /icon/favicon.ico
2024-08-28T16:31:00.746Z info: GET /owner/owner-sign-log
2024-08-28T16:31:00.791Z info: GET /sign-log-style.css
2024-08-28T16:31:00.849Z info: GET /public/cookiesEngine.js
2024-08-28T16:31:00.851Z info: GET /public/logSignScript.js
2024-08-28T16:31:00.853Z info: GET /public/endpoints.js
2024-08-28T16:31:00.858Z info: GET /public/signLogAnimation.js
2024-08-28T16:31:00.865Z info: GET /owner/owner-signLogLogic.js
2024-08-28T16:31:01.158Z info: GET /icon/favicon.ico
2024-08-28T16:31:01.230Z info: GET /icon/favicon.ico
2024-08-28T16:31:08.435Z info: POST /backend-csp-report/csp-violation
2024-08-28T16:32:41.909Z info: GET /owner/owner-sign-log
2024-08-28T16:32:41.955Z info: GET /sign-log-style.css
2024-08-28T16:32:42.016Z info: GET /public/endpoints.js
2024-08-28T16:32:42.060Z info: GET /public/cookiesEngine.js
2024-08-28T16:32:42.062Z info: GET /public/logSignScript.js
2024-08-28T16:32:42.065Z info: GET /public/signLogAnimation.js
2024-08-28T16:32:42.067Z info: GET /owner/owner-signLogLogic.js
2024-08-28T16:32:42.464Z info: GET /icon/favicon.ico
2024-08-28T16:32:42.556Z info: GET /icon/favicon.ico
2024-08-28T16:32:50.133Z info: POST /backend-csp-report/csp-violation
2024-08-28T16:37:02.115Z info: GET /owner/owner-sign-log
2024-08-28T16:37:02.164Z info: GET /sign-log-style.css
2024-08-28T16:37:02.192Z info: GET /public/cookiesEngine.js
2024-08-28T16:37:02.209Z info: GET /public/logSignScript.js
2024-08-28T16:37:02.214Z info: GET /public/endpoints.js
2024-08-28T16:37:02.240Z info: GET /public/signLogAnimation.js
2024-08-28T16:37:02.245Z info: GET /owner/owner-signLogLogic.js
2024-08-28T16:37:02.547Z info: GET /icon/favicon.ico
2024-08-28T16:37:02.596Z info: GET /icon/favicon.ico
2024-08-28T16:37:18.918Z info: POST /backend-owner/user-auth
2024-08-28T16:37:19.232Z info: 200 OK: POST /user-auth
2024-08-28T16:37:19.267Z info: GET /owner/owner
2024-08-28T16:37:19.396Z info: GET /main-owner.css
2024-08-28T16:37:19.549Z info: GET /public/endpoints.js
2024-08-28T16:37:19.588Z info: GET /owner/owner-getUnvalidReceipt.js
2024-08-28T16:37:19.609Z info: GET /owner/owner-validateReceiptLogic.js
2024-08-28T16:37:19.614Z info: GET /owner/owner-getRecentTenants.js
2024-08-28T16:37:19.616Z info: GET /owner/owner-ownerUtil.js
2024-08-28T16:37:19.618Z info: GET /owner/owner-createPropertyRequest.js
2024-08-28T16:37:19.624Z info: GET /owner/owner-getPropertiesRequest.js
2024-08-28T16:37:19.641Z info: GET /owner/owner-createTenant.js
2024-08-28T16:37:19.642Z info: GET /owner/owner-getTenantProperty.js
2024-08-28T16:37:19.649Z info: GET /owner/owner-getAllTenants.js
2024-08-28T16:37:19.650Z info: GET /owner/owner-showModalTenant.js
2024-08-28T16:37:19.651Z info: GET /owner/owner-requireReceiptRequest.js
2024-08-28T16:37:19.659Z info: GET /owner/owner-getValidReceipt.js
2024-08-28T16:37:19.674Z info: GET /owner/owner-getRecentMessages.js
2024-08-28T16:37:19.676Z info: GET /owner/owner-myMessages.js
2024-08-28T16:37:19.678Z info: GET /owner/owner-sendMessage.js
2024-08-28T16:37:19.680Z info: GET /owner/owner-deleteMessage.js
2024-08-28T16:37:19.682Z info: GET /owner/owner-receiptMonthHelper.js
2024-08-28T16:37:19.688Z info: GET /owner/owner-uploadImage.js
2024-08-28T16:37:19.701Z info: GET /owner/owner-accessReceipt.js
2024-08-28T16:37:19.704Z info: GET /owner/owner-insertSubscription.js
2024-08-28T16:37:19.705Z info: GET /owner/owner-frontendManager.js
2024-08-28T16:37:19.710Z info: GET /public/renewAccessToken.js
2024-08-28T16:37:19.715Z info: GET /public/cookiesEngine.js
2024-08-28T16:37:19.719Z info: GET /public/variablesState.js
2024-08-28T16:37:19.723Z info: GET /owner/owner-updateSoldUtils.js
2024-08-28T16:37:19.749Z info: POST /backend-owner/receipt-unValid
2024-08-28T16:37:19.762Z info: POST /backend-owner/recent-tenants
2024-08-28T16:37:19.765Z info: POST /backend-owner/update-sold
2024-08-28T16:37:19.780Z info: 200 OK: POST /receipt-unValid
2024-08-28T16:37:19.813Z info: 200 OK: POST /recent-tenants
2024-08-28T16:37:19.819Z info: 200 OK: POST /update-sold
2024-08-28T16:37:31.458Z info: GET /owner/owner-profile
2024-08-28T16:37:31.483Z info: POST /backend-owner/my-owner
2024-08-28T16:37:31.495Z info: 200 OK: POST /my-owner
2024-08-28T16:37:31.504Z info: GET /img/2c66be99-cf24-45e5-9120-db12ebe96037.png
2024-08-28T16:37:40.837Z info: GET /owner/owner-dashboard
2024-08-28T16:37:40.857Z info: POST /backend-owner/receipt-unValid
2024-08-28T16:37:40.868Z info: POST /backend-owner/recent-tenants
2024-08-28T16:37:40.874Z info: 200 OK: POST /receipt-unValid
2024-08-28T16:37:40.878Z info: 200 OK: POST /recent-tenants
2024-08-28T16:37:42.407Z info: GET /owner/owner-profile
2024-08-28T16:37:42.431Z info: POST /backend-owner/my-owner
2024-08-28T16:37:42.446Z info: 200 OK: POST /my-owner
2024-08-28T16:37:43.915Z info: GET /owner/owner-tenants
2024-08-28T16:37:43.947Z info: POST /backend-owner/all-tenants
2024-08-28T16:37:43.955Z info: POST /backend-owner/recent-messages
2024-08-28T16:37:43.967Z info: 200 OK: POST /recent-messages
2024-08-28T16:37:43.984Z info: 200 OK: POST /all-tenants
2024-08-28T16:37:49.391Z info: GET /owner/owner-properties
2024-08-28T16:37:49.417Z info: POST /backend-owner/my-properties
2024-08-28T16:37:49.430Z info: 200 OK: POST /my-properties
2024-08-28T16:37:52.589Z info: GET /owner/owner-tenant-home
2024-08-28T16:37:52.847Z info: POST /backend-owner/Tenants-properties
2024-08-28T16:37:52.857Z info: 200 OK: POST /Tenants-properties
2024-08-28T16:37:52.866Z info: POST /backend-owner/my-properties
2024-08-28T16:37:52.887Z info: 200 OK: POST /my-properties
2024-08-28T16:37:56.389Z info: GET /owner/owner-tenant-home
2024-08-28T16:37:56.401Z info: POST /backend-owner/Tenants-properties
2024-08-28T16:37:56.417Z info: POST /backend-owner/my-properties
2024-08-28T16:37:56.422Z info: 200 OK: POST /Tenants-properties
2024-08-28T16:37:56.427Z info: 200 OK: POST /my-properties
2024-08-28T16:37:59.533Z info: GET /owner/owner-tenant-home
2024-08-28T16:37:59.563Z info: POST /backend-owner/Tenants-properties
2024-08-28T16:37:59.570Z info: POST /backend-owner/my-properties
2024-08-28T16:37:59.577Z info: 200 OK: POST /Tenants-properties
2024-08-28T16:37:59.579Z info: 200 OK: POST /my-properties
2024-08-28T16:38:01.241Z info: GET /owner/owner-receipts
2024-08-28T16:38:01.308Z info: POST /backend-owner/receipt-valid
2024-08-28T16:38:01.315Z info: POST /backend-owner/Tenants-properties
2024-08-28T16:38:01.320Z info: 200 OK: POST /receipt-valid
2024-08-28T16:38:01.324Z info: 200 OK: POST /Tenants-properties
2024-08-28T16:38:04.926Z info: GET /owner/owner-receipts
2024-08-28T16:38:04.946Z info: POST /backend-owner/receipt-valid
2024-08-28T16:38:04.952Z info: POST /backend-owner/Tenants-properties
2024-08-28T16:38:04.956Z info: 200 OK: POST /Tenants-properties
2024-08-28T16:38:04.959Z info: 200 OK: POST /receipt-valid
2024-08-28T16:38:07.241Z info: GET /owner/owner-subscription
2024-08-28T16:38:18.444Z info: GET /owner/owner-dashboard
2024-08-28T16:38:18.457Z info: POST /backend-owner/receipt-unValid
2024-08-28T16:38:18.471Z info: 200 OK: POST /receipt-unValid
2024-08-28T16:38:18.480Z info: POST /backend-owner/recent-tenants
2024-08-28T16:38:18.486Z info: 200 OK: POST /recent-tenants
2024-08-28T16:38:21.030Z info: GET /owner/owner-receipt
2024-08-28T16:38:21.083Z info: GET /receipt.css
2024-08-28T16:38:21.088Z info: GET /public/endpoints.js
2024-08-28T16:38:21.153Z info: GET /public/variablesState.js
2024-08-28T16:38:21.156Z info: GET /owner/owner-toggleValidateDownloadReceipt.js
2024-08-28T16:38:21.158Z info: GET /owner/owner-validateReceiptLogic.js
2024-08-28T16:38:21.160Z info: GET /owner/owner-downloadReceipt.js
2024-08-28T16:38:21.163Z info: GET /owner/owner-updateSoldUtils.js
2024-08-28T16:38:21.928Z info: GET /img/2c66be99-cf24-45e5-9120-db12ebe96037.png
2024-08-28T16:38:33.004Z info: POST /backend-owner/validate-receipt
2024-08-28T16:38:33.022Z info: 200 OK: POST /validate-receipt
2024-08-28T16:38:33.035Z info: POST /backend-owner/update-sold
2024-08-28T16:38:33.059Z info: GET /owner/owner
2024-08-28T16:38:33.061Z info: 200 OK: POST /update-sold
2024-08-28T16:38:33.111Z info: GET /main-owner.css
2024-08-28T16:38:33.130Z info: GET /public/endpoints.js
2024-08-28T16:38:33.211Z info: GET /owner/owner-getRecentTenants.js
2024-08-28T16:38:33.237Z info: GET /owner/owner-createTenant.js
2024-08-28T16:38:33.285Z info: GET /owner/owner-sendMessage.js
2024-08-28T16:38:33.305Z info: GET /owner/owner-accessReceipt.js
2024-08-28T16:38:33.330Z info: GET /owner/owner-updateSoldUtils.js
2024-08-28T16:38:33.346Z info: GET /owner/owner-getUnvalidReceipt.js
2024-08-28T16:38:33.349Z info: GET /owner/owner-validateReceiptLogic.js
2024-08-28T16:38:33.351Z info: GET /owner/owner-ownerUtil.js
2024-08-28T16:38:33.353Z info: GET /owner/owner-createPropertyRequest.js
2024-08-28T16:38:33.363Z info: GET /owner/owner-getPropertiesRequest.js
2024-08-28T16:38:33.373Z info: GET /owner/owner-getTenantProperty.js
2024-08-28T16:38:33.377Z info: GET /owner/owner-getAllTenants.js
2024-08-28T16:38:33.382Z info: GET /owner/owner-showModalTenant.js
2024-08-28T16:38:33.385Z info: GET /owner/owner-requireReceiptRequest.js
2024-08-28T16:38:33.389Z info: GET /owner/owner-getValidReceipt.js
2024-08-28T16:38:33.398Z info: GET /owner/owner-getRecentMessages.js
2024-08-28T16:38:33.415Z info: GET /owner/owner-myMessages.js
2024-08-28T16:38:33.416Z info: GET /owner/owner-deleteMessage.js
2024-08-28T16:38:33.417Z info: GET /owner/owner-receiptMonthHelper.js
2024-08-28T16:38:33.421Z info: GET /owner/owner-uploadImage.js
2024-08-28T16:38:33.422Z info: GET /owner/owner-insertSubscription.js
2024-08-28T16:38:33.423Z info: GET /owner/owner-frontendManager.js
2024-08-28T16:38:33.435Z info: GET /public/renewAccessToken.js
2024-08-28T16:38:33.436Z info: GET /public/cookiesEngine.js
2024-08-28T16:38:33.441Z info: GET /public/variablesState.js
2024-08-28T16:38:33.467Z info: POST /backend-owner/receipt-unValid
2024-08-28T16:38:33.473Z info: POST /backend-owner/recent-tenants
2024-08-28T16:38:33.478Z info: POST /backend-owner/update-sold
2024-08-28T16:38:33.483Z info: 200 OK: POST /receipt-unValid
2024-08-28T16:38:33.487Z info: 200 OK: POST /recent-tenants
2024-08-28T16:38:33.490Z info: 200 OK: POST /update-sold
2024-08-28T16:38:46.488Z info: GET /owner/owner-profile
2024-08-28T16:38:46.507Z info: POST /backend-owner/my-owner
2024-08-28T16:38:46.519Z info: 200 OK: POST /my-owner
2024-08-28T16:38:46.531Z info: GET /img/2c66be99-cf24-45e5-9120-db12ebe96037.png
2024-08-28T16:38:58.175Z info: POST /backend-owner/update-owner
2024-08-28T16:38:58.190Z info: 200 OK: POST /update-owner
2024-08-28T16:39:03.880Z info: GET /owner/owner-tenants
2024-08-28T16:39:03.897Z info: POST /backend-owner/all-tenants
2024-08-28T16:39:03.908Z info: POST /backend-owner/recent-messages
2024-08-28T16:39:03.913Z info: 200 OK: POST /recent-messages
2024-08-28T16:39:03.918Z info: 200 OK: POST /all-tenants
2024-08-28T16:39:14.823Z info: GET /owner/owner-profile
2024-08-28T16:39:14.891Z info: POST /backend-owner/my-owner
2024-08-28T16:39:14.897Z info: 200 OK: POST /my-owner
2024-08-28T16:39:18.699Z info: POST /backend-owner/update-owner
2024-08-28T16:39:18.710Z info: 200 OK: POST /update-owner
2024-08-28T16:39:25.776Z info: GET /owner/owner-profile
2024-08-28T16:39:25.788Z info: POST /backend-owner/my-owner
2024-08-28T16:39:25.795Z info: 200 OK: POST /my-owner
2024-08-28T16:39:39.119Z info: POST /backend-owner//upload
2024-08-28T16:39:39.140Z info: 200 OK: POST /upload
2024-08-28T16:39:39.147Z info: POST /backend-owner/update-sold
2024-08-28T16:39:39.154Z info: 200 OK: POST /update-sold
2024-08-28T16:39:39.157Z info: GET /img/583ceca8-78bc-4d57-85ca-9e4d5d0d3619.jpg
2024-08-28T16:39:49.940Z info: POST /backend-owner//upload
2024-08-28T16:39:49.955Z info: 200 OK: POST /upload
2024-08-28T16:39:49.961Z info: POST /backend-owner/update-sold
2024-08-28T16:39:49.966Z info: GET /img/31b111c9-f2e1-4963-9920-eaa1e5a69f77.png
2024-08-28T16:39:49.968Z info: 200 OK: POST /update-sold
2024-08-28T16:40:10.563Z info: GET /owner/owner-tenants
2024-08-28T16:40:10.580Z info: POST /backend-owner/all-tenants
2024-08-28T16:40:10.590Z info: POST /backend-owner/recent-messages
2024-08-28T16:40:10.594Z info: 200 OK: POST /recent-messages
2024-08-28T16:40:10.601Z info: 200 OK: POST /all-tenants
2024-08-28T16:40:23.775Z info: POST /backend-owner/my-tenant
2024-08-28T16:40:23.787Z info: 200 OK: POST /my-tenant
2024-08-28T16:40:29.033Z info: POST /backend-owner/update-tenant
2024-08-28T16:40:29.043Z info: 200 OK: POST /update-tenant
2024-08-28T16:40:37.721Z info: POST /backend-owner/my-tenant
2024-08-28T16:40:37.728Z info: 200 OK: POST /my-tenant
2024-08-28T16:40:40.705Z info: POST /backend-owner/update-tenant
2024-08-28T16:40:40.715Z info: 200 OK: POST /update-tenant
2024-08-28T16:40:49.559Z info: POST /backend-owner/my-messages
2024-08-28T16:40:49.564Z info: POST /backend-csp-report/csp-violation
2024-08-28T16:40:49.568Z info: 200 OK: POST /my-messages
2024-08-28T16:51:42.455Z info: GET /owner/owner
2024-08-28T16:51:42.527Z info: GET /main-owner.css
2024-08-28T16:51:42.617Z info: GET /owner/owner-frontendManager.js
2024-08-28T16:51:42.645Z info: GET /owner/owner-updateSoldUtils.js
2024-08-28T16:51:42.651Z info: GET /owner/owner-getUnvalidReceipt.js
2024-08-28T16:51:42.654Z info: GET /owner/owner-validateReceiptLogic.js
2024-08-28T16:51:42.656Z info: GET /owner/owner-getRecentTenants.js
2024-08-28T16:51:42.656Z info: GET /owner/owner-ownerUtil.js
2024-08-28T16:51:42.659Z info: GET /owner/owner-createPropertyRequest.js
2024-08-28T16:51:42.662Z info: GET /owner/owner-getPropertiesRequest.js
2024-08-28T16:51:42.669Z info: GET /owner/owner-createTenant.js
2024-08-28T16:51:42.671Z info: GET /owner/owner-getTenantProperty.js
2024-08-28T16:51:42.673Z info: GET /owner/owner-getAllTenants.js
2024-08-28T16:51:42.673Z info: GET /owner/owner-showModalTenant.js
2024-08-28T16:51:42.675Z info: GET /owner/owner-requireReceiptRequest.js
2024-08-28T16:51:42.679Z info: GET /owner/owner-getValidReceipt.js
2024-08-28T16:51:42.686Z info: GET /owner/owner-getRecentMessages.js
2024-08-28T16:51:42.687Z info: GET /owner/owner-myMessages.js
2024-08-28T16:51:42.689Z info: GET /owner/owner-sendMessage.js
2024-08-28T16:51:42.689Z info: GET /owner/owner-deleteMessage.js
2024-08-28T16:51:42.691Z info: GET /owner/owner-receiptMonthHelper.js
2024-08-28T16:51:42.694Z info: GET /owner/owner-uploadImage.js
2024-08-28T16:51:42.697Z info: GET /owner/owner-accessReceipt.js
2024-08-28T16:51:42.700Z info: GET /owner/owner-insertSubscription.js
2024-08-28T16:51:42.701Z info: GET /public/endpoints.js
2024-08-28T16:51:42.704Z info: GET /public/renewAccessToken.js
2024-08-28T16:51:42.707Z info: GET /public/cookiesEngine.js
2024-08-28T16:51:42.711Z info: GET /public/variablesState.js
2024-08-28T16:51:42.751Z info: POST /backend-owner/receipt-unValid
2024-08-28T16:51:42.758Z info: POST /backend-owner/recent-tenants
2024-08-28T16:51:42.761Z info: POST /backend-owner/update-sold
2024-08-28T16:51:42.822Z info: 200 OK: POST /recent-tenants
2024-08-28T16:51:42.825Z info: 200 OK: POST /update-sold
2024-08-28T16:51:42.828Z info: 200 OK: POST /receipt-unValid
2024-08-28T16:51:43.013Z info: GET /icon/favicon.ico
2024-08-28T16:51:43.058Z info: GET /icon/favicon.ico
2024-08-28T16:51:45.610Z info: GET /owner/owner-tenants
2024-08-28T16:51:45.636Z info: POST /backend-owner/all-tenants
2024-08-28T16:51:45.643Z info: POST /backend-owner/recent-messages
2024-08-28T16:51:45.656Z info: 200 OK: POST /recent-messages
2024-08-28T16:51:45.661Z info: 200 OK: POST /all-tenants
2024-08-28T16:51:47.687Z info: POST /backend-owner/my-messages
2024-08-28T16:51:47.698Z info: 200 OK: POST /my-messages
2024-08-28T16:51:51.058Z info: POST /backend-owner/recent-messages
2024-08-28T16:51:51.064Z info: 200 OK: POST /recent-messages
2024-08-28T16:51:54.650Z info: POST /backend-owner/my-messages
2024-08-28T16:51:54.668Z info: 200 OK: POST /my-messages
2024-08-28T16:51:54.679Z info: POST /backend-owner/recent-messages
2024-08-28T16:51:54.689Z info: 200 OK: POST /recent-messages
2024-08-28T16:53:13.771Z info: POST /backend-owner/recent-messages
2024-08-28T16:53:13.779Z info: 200 OK: POST /recent-messages
2024-08-28T16:53:15.725Z info: POST /backend-owner/my-messages
2024-08-28T16:53:15.736Z info: 200 OK: POST /my-messages
2024-08-28T16:53:15.747Z info: POST /backend-owner/recent-messages
2024-08-28T16:53:15.753Z info: 200 OK: POST /recent-messages
2024-08-28T16:53:17.867Z info: POST /backend-owner/recent-messages
2024-08-28T16:53:17.873Z info: 200 OK: POST /recent-messages
2024-08-28T16:53:18.519Z info: POST /backend-owner/my-messages
2024-08-28T16:53:18.529Z info: POST /backend-owner/recent-messages
2024-08-28T16:53:18.534Z info: 200 OK: POST /my-messages
2024-08-28T16:53:18.537Z info: 200 OK: POST /recent-messages
2024-08-28T16:53:20.315Z info: POST /backend-owner/recent-messages
2024-08-28T16:53:20.322Z info: 200 OK: POST /recent-messages
2024-08-28T16:53:20.939Z info: POST /backend-owner/my-messages
2024-08-28T16:53:20.950Z info: POST /backend-owner/recent-messages
2024-08-28T16:53:20.958Z info: 200 OK: POST /my-messages
2024-08-28T16:53:20.963Z info: 200 OK: POST /recent-messages
2024-08-28T16:53:24.294Z info: POST /backend-owner/recent-messages
2024-08-28T16:53:24.298Z info: 200 OK: POST /recent-messages
2024-08-28T16:53:25.210Z info: POST /backend-owner/my-messages
2024-08-28T16:53:25.216Z info: POST /backend-owner/recent-messages
2024-08-28T16:53:25.221Z info: 200 OK: POST /my-messages
2024-08-28T16:53:25.225Z info: 200 OK: POST /recent-messages
2024-08-28T16:53:38.494Z info: POST /backend-owner/delete-message
2024-08-28T16:53:38.501Z info: POST /backend-owner/delete-message
2024-08-28T16:53:38.505Z info: POST /backend-owner/delete-message
2024-08-28T16:53:38.511Z info: POST /backend-owner/delete-message
2024-08-28T16:53:38.517Z info: 200 OK: POST /delete-message
2024-08-28T16:53:38.519Z info: 200 OK: POST /delete-message
2024-08-28T16:53:38.528Z info: POST /backend-owner/delete-message
2024-08-28T16:53:38.531Z info: 200 OK: POST /delete-message
2024-08-28T16:53:38.532Z info: 200 OK: POST /delete-message
2024-08-28T16:53:38.536Z info: 200 OK: POST /delete-message
2024-08-28T16:53:41.747Z info: POST /backend-owner/recent-messages
2024-08-28T16:53:41.763Z info: 200 OK: POST /recent-messages
2024-08-28T16:53:44.112Z info: POST /backend-owner/my-messages
2024-08-28T16:53:44.121Z info: 200 OK: POST /my-messages
2024-08-28T16:53:44.124Z info: POST /backend-owner/recent-messages
2024-08-28T16:53:44.128Z info: 200 OK: POST /recent-messages
2024-08-28T16:53:46.184Z info: POST /backend-owner/recent-messages
2024-08-28T16:53:46.198Z info: 200 OK: POST /recent-messages
2024-08-28T16:54:03.215Z info: POST /backend-owner/my-messages
2024-08-28T16:54:03.222Z info: POST /backend-owner/recent-messages
2024-08-28T16:54:03.228Z info: 200 OK: POST /my-messages
2024-08-28T16:54:03.230Z info: 200 OK: POST /recent-messages
2024-08-28T16:54:05.076Z info: POST /backend-owner/recent-messages
2024-08-28T16:54:05.081Z info: 200 OK: POST /recent-messages
2024-08-28T16:54:11.746Z info: GET /owner/owner-properties
2024-08-28T16:54:11.771Z info: POST /backend-owner/my-properties
2024-08-28T16:54:11.778Z info: 200 OK: POST /my-properties
2024-08-28T16:54:14.101Z info: GET /owner/owner-tenants
2024-08-28T16:54:14.125Z info: POST /backend-owner/all-tenants
2024-08-28T16:54:14.146Z info: POST /backend-owner/recent-messages
2024-08-28T16:54:14.150Z info: 200 OK: POST /all-tenants
2024-08-28T16:54:14.151Z info: 200 OK: POST /recent-messages
2024-08-28T16:54:25.429Z info: POST /backend-owner/delete-tenant
2024-08-28T16:54:25.456Z info: 200 OK: POST /delete-tenant
2024-08-28T16:54:28.071Z info: GET /owner/owner-tenants
2024-08-28T16:54:28.102Z info: POST /backend-owner/all-tenants
2024-08-28T16:54:28.116Z info: POST /backend-owner/recent-messages
2024-08-28T16:54:28.119Z info: 200 OK: POST /all-tenants
2024-08-28T16:54:28.120Z info: 200 OK: POST /recent-messages
2024-08-28T16:54:30.181Z info: GET /owner/owner-properties
2024-08-28T16:54:30.208Z info: POST /backend-owner/my-properties
2024-08-28T16:54:30.216Z info: 200 OK: POST /my-properties
2024-08-28T16:54:46.359Z info: POST /backend-owner/delete-property
2024-08-28T16:54:46.377Z info: 200 OK: POST /delete-property
2024-08-28T16:54:48.226Z info: GET /owner/owner-properties
2024-08-28T16:54:48.248Z info: POST /backend-owner/my-properties
2024-08-28T16:54:48.253Z info: 200 OK: POST /my-properties
2024-08-28T16:54:53.359Z info: POST /backend-owner/my-property
2024-08-28T16:54:53.368Z info: 200 OK: POST /my-property
2024-08-28T16:54:56.847Z info: POST /backend-owner/update-property
2024-08-28T16:54:56.866Z info: 200 OK: POST /update-property
2024-08-28T16:55:02.174Z info: GET /owner/owner-tenant-home
2024-08-28T16:55:02.194Z info: POST /backend-owner/Tenants-properties
2024-08-28T16:55:02.204Z info: 200 OK: POST /Tenants-properties
2024-08-28T16:55:02.211Z info: POST /backend-owner/my-properties
2024-08-28T16:55:02.216Z info: 200 OK: POST /my-properties
2024-08-28T16:55:50.926Z info: POST /backend-csp-report/csp-violation
2024-08-28T16:55:57.162Z info: POST /backend-owner/create-tenant
2024-08-28T16:55:57.176Z info: 200 OK: POST /create-tenant
2024-08-28T16:55:57.185Z info: POST /backend-owner/update-sold
2024-08-28T16:55:57.194Z info: 200 OK: POST /update-sold
2024-08-28T17:03:55.134Z info: POST /backend-owner/delete-tenant-property
2024-08-28T17:03:55.153Z info: 200 OK: POST /delete-tenant-property
2024-08-28T17:03:56.720Z info: GET /owner/owner-tenant-home
2024-08-28T17:03:56.742Z info: POST /backend-owner/Tenants-properties
2024-08-28T17:03:56.748Z info: 200 OK: POST /Tenants-properties
2024-08-28T17:03:56.755Z info: POST /backend-owner/my-properties
2024-08-28T17:03:56.761Z info: 200 OK: POST /my-properties
2024-08-28T17:03:59.267Z info: GET /owner/owner-receipts
2024-08-28T17:03:59.321Z info: POST /backend-owner/receipt-valid
2024-08-28T17:03:59.325Z info: POST /backend-owner/Tenants-properties
2024-08-28T17:03:59.336Z info: 200 OK: POST /receipt-valid
2024-08-28T17:03:59.338Z info: 200 OK: POST /Tenants-properties
2024-08-28T17:04:06.055Z info: GET /owner/owner-receipt
2024-08-28T17:04:06.081Z info: GET /receipt.css
2024-08-28T17:04:06.170Z info: GET /public/endpoints.js
2024-08-28T17:04:06.172Z info: GET /owner/owner-updateSoldUtils.js
2024-08-28T17:04:06.190Z info: GET /owner/owner-downloadReceipt.js
2024-08-28T17:04:06.200Z info: GET /owner/owner-validateReceiptLogic.js
2024-08-28T17:04:06.216Z info: GET /public/variablesState.js
2024-08-28T17:04:06.223Z info: GET /owner/owner-toggleValidateDownloadReceipt.js
2024-08-28T17:04:06.277Z info: GET /img/31b111c9-f2e1-4963-9920-eaa1e5a69f77.png
2024-08-28T17:04:09.230Z info: POST /backend-csp-report/csp-violation
2024-08-28T17:04:09.254Z info: GET /img/31b111c9-f2e1-4963-9920-eaa1e5a69f77.png
2024-08-28T17:04:09.256Z info: GET /receipt.css
2024-08-28T17:05:01.835Z info: GET /owner/owner
2024-08-28T17:05:01.913Z info: GET /main-owner.css
2024-08-28T17:05:02.111Z info: GET /owner/owner-getRecentTenants.js
2024-08-28T17:05:02.148Z info: GET /owner/owner-createPropertyRequest.js
2024-08-28T17:05:02.153Z info: GET /owner/owner-getPropertiesRequest.js
2024-08-28T17:05:02.158Z info: GET /owner/owner-createTenant.js
2024-08-28T17:05:02.203Z info: GET /owner/owner-getTenantProperty.js
2024-08-28T17:05:02.212Z info: GET /owner/owner-getAllTenants.js
2024-08-28T17:05:02.232Z info: GET /owner/owner-showModalTenant.js
2024-08-28T17:05:02.242Z info: GET /owner/owner-requireReceiptRequest.js
2024-08-28T17:05:02.244Z info: GET /owner/owner-getValidReceipt.js
2024-08-28T17:05:02.245Z info: GET /owner/owner-getRecentMessages.js
2024-08-28T17:05:02.252Z info: GET /owner/owner-myMessages.js
2024-08-28T17:05:02.257Z info: GET /owner/owner-sendMessage.js
2024-08-28T17:05:02.272Z info: GET /owner/owner-deleteMessage.js
2024-08-28T17:05:02.278Z info: GET /owner/owner-receiptMonthHelper.js
2024-08-28T17:05:02.280Z info: GET /owner/owner-uploadImage.js
2024-08-28T17:05:02.281Z info: GET /owner/owner-accessReceipt.js
2024-08-28T17:05:02.288Z info: GET /owner/owner-insertSubscription.js
2024-08-28T17:05:02.289Z info: GET /owner/owner-frontendManager.js
2024-08-28T17:05:02.308Z info: GET /public/renewAccessToken.js
2024-08-28T17:05:02.314Z info: GET /public/cookiesEngine.js
2024-08-28T17:05:02.319Z info: GET /owner/owner-getUnvalidReceipt.js
2024-08-28T17:05:02.320Z info: GET /owner/owner-ownerUtil.js
2024-08-28T17:05:02.357Z info: POST /backend-owner/receipt-unValid
2024-08-28T17:05:02.367Z info: POST /backend-owner/recent-tenants
2024-08-28T17:05:02.373Z info: POST /backend-owner/update-sold
2024-08-28T17:05:02.377Z info: 200 OK: POST /receipt-unValid
2024-08-28T17:05:02.380Z info: 200 OK: POST /recent-tenants
2024-08-28T17:05:02.384Z info: 200 OK: POST /update-sold
2024-08-28T17:05:11.594Z info: GET /owner/owner-subscription
2024-08-28T17:05:22.157Z info: POST /backend-owner/insert-subscription
2024-08-28T17:05:22.170Z info: 200 OK: POST /insert-subscription
2024-08-28T17:05:29.038Z info: GET /owner/owner-dashboard
2024-08-28T17:05:29.049Z info: POST /backend-owner/receipt-unValid
2024-08-28T17:05:29.055Z info: 200 OK: POST /receipt-unValid
2024-08-28T17:05:29.060Z info: POST /backend-owner/recent-tenants
2024-08-28T17:05:29.066Z info: 200 OK: POST /recent-tenants
2024-08-28T17:05:31.325Z info: GET /owner/owner-tenants
2024-08-28T17:05:31.348Z info: POST /backend-owner/all-tenants
2024-08-28T17:05:31.352Z info: POST /backend-owner/recent-messages
2024-08-28T17:05:31.358Z info: 200 OK: POST /recent-messages
2024-08-28T17:05:31.364Z info: 200 OK: POST /all-tenants
2024-08-28T17:05:32.243Z info: GET /owner/owner-tenants
2024-08-28T17:05:32.260Z info: POST /backend-owner/all-tenants
2024-08-28T17:05:32.267Z info: POST /backend-owner/recent-messages
2024-08-28T17:05:32.272Z info: 200 OK: POST /recent-messages
2024-08-28T17:05:32.277Z info: 200 OK: POST /all-tenants
2024-08-28T17:05:33.745Z info: GET /owner/owner-profile
2024-08-28T17:05:33.766Z info: POST /backend-owner/my-owner
2024-08-28T17:05:33.776Z info: 200 OK: POST /my-owner
2024-08-28T17:05:33.781Z info: GET /img/31b111c9-f2e1-4963-9920-eaa1e5a69f77.png
2024-08-28T17:05:37.738Z info: GET /owner/owner-tenants
2024-08-28T17:05:37.760Z info: POST /backend-owner/all-tenants
2024-08-28T17:05:37.767Z info: 200 OK: POST /all-tenants
2024-08-28T17:05:37.774Z info: POST /backend-owner/recent-messages
2024-08-28T17:05:37.778Z info: 200 OK: POST /recent-messages
2024-08-28T17:05:39.030Z info: GET /owner/owner-properties
2024-08-28T17:05:39.056Z info: POST /backend-owner/my-properties
2024-08-28T17:05:39.061Z info: 200 OK: POST /my-properties
2024-08-28T17:05:39.787Z info: GET /owner/owner-tenants
2024-08-28T17:05:39.824Z info: POST /backend-owner/all-tenants
2024-08-28T17:05:39.833Z info: POST /backend-owner/recent-messages
2024-08-28T17:05:39.837Z info: 200 OK: POST /recent-messages
2024-08-28T17:05:39.842Z info: 200 OK: POST /all-tenants
2024-08-28T17:05:40.487Z info: GET /owner/owner-tenants
2024-08-28T17:05:40.512Z info: POST /backend-owner/all-tenants
2024-08-28T17:05:40.518Z info: POST /backend-owner/recent-messages
2024-08-28T17:05:40.523Z info: 200 OK: POST /recent-messages
2024-08-28T17:05:40.527Z info: 200 OK: POST /all-tenants
2024-08-28T17:05:41.418Z info: GET /owner/owner-profile
2024-08-28T17:05:41.444Z info: POST /backend-owner/my-owner
2024-08-28T17:05:41.453Z info: 200 OK: POST /my-owner
2024-08-28T17:05:41.458Z info: GET /img/31b111c9-f2e1-4963-9920-eaa1e5a69f77.png
2024-08-28T17:05:50.796Z info: GET /owner/owner
2024-08-28T17:05:50.823Z info: GET /main-owner.css
2024-08-28T17:05:51.001Z info: GET /owner/owner-updateSoldUtils.js
2024-08-28T17:05:51.003Z info: GET /owner/owner-getUnvalidReceipt.js
2024-08-28T17:05:51.006Z info: GET /owner/owner-validateReceiptLogic.js
2024-08-28T17:05:51.011Z info: GET /owner/owner-getRecentTenants.js
2024-08-28T17:05:51.018Z info: GET /owner/owner-ownerUtil.js
2024-08-28T17:05:51.023Z info: GET /owner/owner-createPropertyRequest.js
2024-08-28T17:05:51.046Z info: GET /owner/owner-getPropertiesRequest.js
2024-08-28T17:05:51.048Z info: GET /owner/owner-createTenant.js
2024-08-28T17:05:51.050Z info: GET /owner/owner-getTenantProperty.js
2024-08-28T17:05:51.054Z info: GET /owner/owner-getAllTenants.js
2024-08-28T17:05:51.059Z info: GET /owner/owner-showModalTenant.js
2024-08-28T17:05:51.063Z info: GET /owner/owner-requireReceiptRequest.js
2024-08-28T17:05:51.084Z info: GET /owner/owner-getValidReceipt.js
2024-08-28T17:05:51.086Z info: GET /owner/owner-getRecentMessages.js
2024-08-28T17:05:51.088Z info: GET /owner/owner-myMessages.js
2024-08-28T17:05:51.090Z info: GET /owner/owner-sendMessage.js
2024-08-28T17:05:51.092Z info: GET /owner/owner-deleteMessage.js
2024-08-28T17:05:51.094Z info: GET /owner/owner-receiptMonthHelper.js
2024-08-28T17:05:51.111Z info: GET /owner/owner-uploadImage.js
2024-08-28T17:05:51.113Z info: GET /owner/owner-accessReceipt.js
2024-08-28T17:05:51.115Z info: GET /owner/owner-insertSubscription.js
2024-08-28T17:05:51.116Z info: GET /owner/owner-frontendManager.js
2024-08-28T17:05:51.119Z info: GET /public/endpoints.js
2024-08-28T17:05:51.120Z info: GET /public/renewAccessToken.js
2024-08-28T17:05:51.138Z info: GET /public/cookiesEngine.js
2024-08-28T17:05:51.143Z info: GET /public/variablesState.js
2024-08-28T17:05:51.187Z info: POST /backend-owner/receipt-unValid
2024-08-28T17:05:51.193Z info: POST /backend-owner/recent-tenants
2024-08-28T17:05:51.197Z info: POST /backend-owner/update-sold
2024-08-28T17:05:51.202Z info: 200 OK: POST /receipt-unValid
2024-08-28T17:05:51.205Z info: 200 OK: POST /recent-tenants
2024-08-28T17:05:51.207Z info: 200 OK: POST /update-sold
2024-08-28T17:22:47.229Z info: GET /owner/owner
2024-08-28T17:22:47.251Z info: GET /main-owner.css
2024-08-28T17:22:47.289Z info: GET /public/variablesState.js
2024-08-28T17:22:47.336Z info: GET /owner/owner-showModalTenant.js
2024-08-28T17:22:47.416Z info: GET /owner/owner-getUnvalidReceipt.js
2024-08-28T17:22:47.420Z info: GET /owner/owner-validateReceiptLogic.js
2024-08-28T17:22:47.422Z info: GET /owner/owner-getRecentTenants.js
2024-08-28T17:22:47.425Z info: GET /owner/owner-ownerUtil.js
2024-08-28T17:22:47.427Z info: GET /owner/owner-createPropertyRequest.js
2024-08-28T17:22:47.439Z info: GET /owner/owner-getPropertiesRequest.js
2024-08-28T17:22:47.461Z info: GET /owner/owner-createTenant.js
2024-08-28T17:22:47.463Z info: GET /owner/owner-getTenantProperty.js
2024-08-28T17:22:47.466Z info: GET /owner/owner-getAllTenants.js
2024-08-28T17:22:47.471Z info: GET /owner/owner-requireReceiptRequest.js
2024-08-28T17:22:47.474Z info: GET /owner/owner-getValidReceipt.js
2024-08-28T17:22:47.482Z info: GET /owner/owner-getRecentMessages.js
2024-08-28T17:22:47.497Z info: GET /owner/owner-myMessages.js
2024-08-28T17:22:47.500Z info: GET /owner/owner-sendMessage.js
2024-08-28T17:22:47.506Z info: GET /owner/owner-deleteMessage.js
2024-08-28T17:22:47.507Z info: GET /owner/owner-receiptMonthHelper.js
2024-08-28T17:22:47.508Z info: GET /owner/owner-uploadImage.js
2024-08-28T17:22:47.515Z info: GET /owner/owner-accessReceipt.js
2024-08-28T17:22:47.520Z info: GET /owner/owner-insertSubscription.js
2024-08-28T17:22:47.532Z info: GET /owner/owner-frontendManager.js
2024-08-28T17:22:47.534Z info: GET /public/endpoints.js
2024-08-28T17:22:47.537Z info: GET /public/renewAccessToken.js
2024-08-28T17:22:47.539Z info: GET /public/cookiesEngine.js
2024-08-28T17:22:47.544Z info: GET /owner/owner-updateSoldUtils.js
2024-08-28T17:22:47.565Z info: POST /backend-owner/receipt-unValid
2024-08-28T17:22:47.569Z info: POST /backend-owner/recent-tenants
2024-08-28T17:22:47.572Z info: POST /backend-owner/update-sold
2024-08-28T17:22:47.575Z info: 200 OK: POST /receipt-unValid
2024-08-28T17:22:47.578Z info: 200 OK: POST /recent-tenants
2024-08-28T17:22:47.580Z info: 200 OK: POST /update-sold
2024-08-28T17:22:47.748Z info: GET /icon/favicon.ico
2024-08-28T17:22:47.793Z info: GET /icon/favicon.ico
2024-08-28T17:22:50.009Z info: GET /owner/owner-profile
2024-08-28T17:22:50.037Z info: POST /backend-owner/my-owner
2024-08-28T17:22:50.045Z info: 200 OK: POST /my-owner
2024-08-28T17:22:50.065Z info: GET /img/31b111c9-f2e1-4963-9920-eaa1e5a69f77.png
2024-08-28T17:22:51.000Z info: GET /owner/owner-tenants
2024-08-28T17:22:51.024Z info: POST /backend-owner/all-tenants
2024-08-28T17:22:51.030Z info: POST /backend-owner/recent-messages
2024-08-28T17:22:51.038Z info: 200 OK: POST /recent-messages
2024-08-28T17:22:51.044Z info: 200 OK: POST /all-tenants
2024-08-28T17:22:51.818Z info: GET /owner/owner-tenants
2024-08-28T17:22:51.845Z info: POST /backend-owner/all-tenants
2024-08-28T17:22:51.851Z info: POST /backend-owner/recent-messages
2024-08-28T17:22:51.858Z info: 200 OK: POST /all-tenants
2024-08-28T17:22:51.861Z info: 200 OK: POST /recent-messages
2024-08-28T17:22:52.747Z info: GET /owner/owner-properties
2024-08-28T17:22:52.767Z info: POST /backend-owner/my-properties
2024-08-28T17:22:52.773Z info: 200 OK: POST /my-properties
2024-08-28T17:22:55.177Z info: GET /owner/owner-tenants
2024-08-28T17:22:55.201Z info: POST /backend-owner/all-tenants
2024-08-28T17:22:55.206Z info: POST /backend-owner/recent-messages
2024-08-28T17:22:55.209Z info: 200 OK: POST /all-tenants
2024-08-28T17:22:55.210Z info: 200 OK: POST /recent-messages
2024-08-28T17:22:58.437Z info: POST /backend-owner/my-tenant
2024-08-28T17:22:58.443Z info: 200 OK: POST /my-tenant
2024-08-28T17:23:09.939Z info: POST /backend-owner/update-tenant
2024-08-28T17:23:09.947Z info: 200 OK: POST /update-tenant
2024-08-28T17:23:19.429Z info: GET /owner/owner-sign-log
2024-08-28T17:23:19.468Z info: GET /sign-log-style.css
2024-08-28T17:23:19.497Z info: GET /public/cookiesEngine.js
2024-08-28T17:23:19.502Z info: GET /public/logSignScript.js
2024-08-28T17:23:19.505Z info: GET /public/endpoints.js
2024-08-28T17:23:19.508Z info: GET /owner/owner-signLogLogic.js
2024-08-28T17:23:19.510Z info: GET /public/signLogAnimation.js
2024-08-28T17:23:22.680Z info: GET /owner/owner-send-email
2024-08-28T17:23:22.739Z info: GET /sign-log-style.css
2024-08-28T17:23:22.740Z info: GET /public/endpoints.js
2024-08-28T17:23:22.741Z info: GET /owner/owner-sendEmailLogic.js
2024-08-28T17:23:32.534Z info: POST /backend-owner/get-reset-pwd-otp
2024-08-28T17:23:32.544Z info: 200 OK: POST /get-reset-pwd-otp
2024-08-28T17:23:38.567Z info: POST /backend-owner/get-reset-pwd-otp
2024-08-28T17:23:38.573Z info: 200 OK: POST /get-reset-pwd-otp
2024-08-28T17:27:12.559Z info: GET /owner/owner-send-email
2024-08-28T17:27:12.580Z info: GET /sign-log-style.css
2024-08-28T17:27:12.590Z info: GET /public/endpoints.js
2024-08-28T17:27:12.621Z info: GET /owner/owner-sendEmailLogic.js
2024-08-28T17:27:12.848Z info: GET /icon/favicon.ico
2024-08-28T17:27:12.866Z info: GET /icon/favicon.ico
2024-08-28T17:27:17.498Z info: POST /backend-owner/get-reset-pwd-otp
2024-08-28T17:27:17.502Z warn: 404 Not Found: POST /get-reset-pwd-otp
2024-08-28T17:29:15.510Z info: GET /owner/owner-send-email
2024-08-28T17:29:15.536Z info: GET /sign-log-style.css
2024-08-28T17:29:15.546Z info: GET /owner/owner-sendEmailLogic.js
2024-08-28T17:29:15.595Z info: GET /public/endpoints.js
2024-08-28T17:29:15.818Z info: GET /icon/favicon.ico
2024-08-28T17:29:15.855Z info: GET /icon/favicon.ico
2024-08-28T17:29:20.322Z info: POST /backend-owner/get-reset-pwd-otp
2024-08-28T17:29:20.326Z warn: 404 Not Found: POST /get-reset-pwd-otp
2024-08-28T17:30:44.766Z info: GET /owner/owner-send-email
2024-08-28T17:30:44.812Z info: GET /sign-log-style.css
2024-08-28T17:30:44.856Z info: GET /public/endpoints.js
2024-08-28T17:30:44.861Z info: GET /owner/owner-sendEmailLogic.js
2024-08-28T17:30:45.099Z info: GET /icon/favicon.ico
2024-08-28T17:30:45.128Z info: GET /icon/favicon.ico
2024-08-28T17:30:48.080Z info: POST /backend-owner/get-reset-pwd-otp
2024-08-28T17:30:48.169Z warn: 404 Not Found: POST /get-reset-pwd-otp
2024-08-28T17:37:24.387Z info: GET /sign-log-style.css
2024-08-28T17:37:34.749Z info: GET /owner/owner-send-email
2024-08-28T17:37:34.772Z info: GET /sign-log-style.css
2024-08-28T17:37:34.797Z info: GET /public/endpoints.js
2024-08-28T17:37:34.806Z info: GET /owner/owner-sendEmailLogic.js
2024-08-28T17:37:35.016Z info: GET /icon/favicon.ico
2024-08-28T17:37:35.047Z info: GET /icon/favicon.ico
2024-08-28T17:38:23.458Z info: POST /backend-owner/get-reset-pwd-otp
2024-08-28T17:38:23.469Z info: 200 OK: POST /get-reset-pwd-otp
2024-08-28T17:44:01.331Z info: GET /owner/owner-send-email
2024-08-28T17:44:01.362Z info: GET /sign-log-style.css
2024-08-28T17:44:01.369Z info: GET /public/endpoints.js
2024-08-28T17:44:01.388Z info: GET /owner/owner-sendEmailLogic.js
2024-08-28T17:44:01.635Z info: GET /icon/favicon.ico
2024-08-28T17:44:01.654Z info: GET /icon/favicon.ico
2024-08-28T17:44:05.020Z info: POST /backend-owner/get-reset-pwd-otp
2024-08-28T17:44:05.109Z info: 200 OK: POST /get-reset-pwd-otp
2024-08-28T17:44:19.781Z info: GET /owner/owner-reset-pwd?email=nononephew@gmail.com&otp=668142
2024-08-28T17:44:19.858Z info: GET /sign-log-style.css
2024-08-28T17:44:19.868Z info: GET /public/endpoints.js
2024-08-28T17:44:19.896Z info: GET /owner/owner-resetPwdLogic.js
2024-08-28T17:44:20.087Z info: GET /icon/favicon.ico
2024-08-28T17:44:20.106Z info: GET /icon/favicon.ico
2024-08-28T17:44:33.068Z info: POST /backend-owner/reset-pwd
2024-08-28T17:44:33.220Z info: 200 OK: POST /reset-pwd
2024-08-28T17:44:33.236Z info: GET /owner/owner-sign-log
2024-08-28T17:44:33.324Z info: GET /sign-log-style.css
2024-08-28T17:44:33.349Z info: GET /public/logSignScript.js
2024-08-28T17:44:33.371Z info: GET /public/endpoints.js
2024-08-28T17:44:33.373Z info: GET /public/signLogAnimation.js
2024-08-28T17:44:33.375Z info: GET /owner/owner-signLogLogic.js
2024-08-28T17:44:33.377Z info: GET /public/cookiesEngine.js
2024-08-28T17:44:40.985Z info: POST /backend-owner/user-auth
2024-08-28T17:44:41.094Z warn: 404 Not Found: POST /user-auth
2024-08-28T17:44:42.492Z info: POST /backend-csp-report/csp-violation
2024-08-28T17:44:44.674Z info: POST /backend-owner/user-auth
2024-08-28T17:44:44.811Z info: 200 OK: POST /user-auth
2024-08-28T17:44:44.832Z info: GET /owner/owner
2024-08-28T17:44:44.915Z info: GET /main-owner.css
2024-08-28T17:44:44.958Z info: GET /owner/owner-getUnvalidReceipt.js
2024-08-28T17:44:45.035Z info: GET /owner/owner-updateSoldUtils.js
2024-08-28T17:44:45.036Z info: GET /owner/owner-validateReceiptLogic.js
2024-08-28T17:44:45.038Z info: GET /owner/owner-getRecentTenants.js
2024-08-28T17:44:45.039Z info: GET /owner/owner-ownerUtil.js
2024-08-28T17:44:45.043Z info: GET /owner/owner-createPropertyRequest.js
2024-08-28T17:44:45.044Z info: GET /owner/owner-getPropertiesRequest.js
2024-08-28T17:44:45.053Z info: GET /owner/owner-createTenant.js
2024-08-28T17:44:45.054Z info: GET /owner/owner-getTenantProperty.js
2024-08-28T17:44:45.055Z info: GET /owner/owner-getAllTenants.js
2024-08-28T17:44:45.057Z info: GET /owner/owner-showModalTenant.js
2024-08-28T17:44:45.060Z info: GET /owner/owner-requireReceiptRequest.js
2024-08-28T17:44:45.060Z info: GET /owner/owner-getValidReceipt.js
2024-08-28T17:44:45.068Z info: GET /owner/owner-getRecentMessages.js
2024-08-28T17:44:45.069Z info: GET /owner/owner-myMessages.js
2024-08-28T17:44:45.072Z info: GET /owner/owner-sendMessage.js
2024-08-28T17:44:45.072Z info: GET /owner/owner-deleteMessage.js
2024-08-28T17:44:45.074Z info: GET /owner/owner-receiptMonthHelper.js
2024-08-28T17:44:45.075Z info: GET /owner/owner-uploadImage.js
2024-08-28T17:44:45.086Z info: GET /owner/owner-accessReceipt.js
2024-08-28T17:44:45.089Z info: GET /owner/owner-insertSubscription.js
2024-08-28T17:44:45.090Z info: GET /owner/owner-frontendManager.js
2024-08-28T17:44:45.091Z info: GET /public/endpoints.js
2024-08-28T17:44:45.095Z info: GET /public/renewAccessToken.js
2024-08-28T17:44:45.096Z info: GET /public/cookiesEngine.js
2024-08-28T17:44:45.097Z info: GET /public/variablesState.js
2024-08-28T17:44:45.111Z info: POST /backend-owner/receipt-unValid
2024-08-28T17:44:45.120Z info: POST /backend-owner/recent-tenants
2024-08-28T17:44:45.124Z info: POST /backend-owner/update-sold
2024-08-28T17:44:45.130Z info: 200 OK: POST /receipt-unValid
2024-08-28T17:44:45.143Z info: 200 OK: POST /recent-tenants
2024-08-28T17:44:45.145Z info: 200 OK: POST /update-sold
2024-08-28T17:44:51.386Z info: GET /owner/owner-profile
2024-08-28T17:44:51.416Z info: POST /backend-owner/my-owner
2024-08-28T17:44:51.429Z info: 200 OK: POST /my-owner
2024-08-28T17:44:51.445Z info: GET /img/31b111c9-f2e1-4963-9920-eaa1e5a69f77.png
2024-08-28T17:44:54.702Z info: GET /owner/owner-receipts
2024-08-28T17:44:54.732Z info: POST /backend-owner/receipt-valid
2024-08-28T17:44:54.755Z info: 200 OK: POST /receipt-valid
2024-08-28T17:44:54.760Z info: POST /backend-owner/Tenants-properties
2024-08-28T17:44:54.773Z info: 200 OK: POST /Tenants-properties
